<?xml version="1.0" encoding="UTF-8"?>
<!-- Generated by org.testng.reporters.JUnitReportReporter -->
<testsuite hostname="DESKTOP-1E603NF" failures="0" tests="1" name="com.qa.pageLayer.LogInPage" time="57.206" errors="0" timestamp="2022-09-09T11:15:44 IST" skipped="0">
  <testcase classname="com.qa.pageLayer.LogInPage" name="logIn" time="57.206"/>
  <system-out/>
</testsuite> <!-- com.qa.pageLayer.LogInPage -->
