<?xml version="1.0" encoding="UTF-8"?>
<!-- Generated by org.testng.reporters.JUnitReportReporter -->
<testsuite hostname="DESKTOP-1E603NF" failures="0" tests="1" name="com.qa.testLayer.LogInTest" time="34.694" errors="0" timestamp="2022-09-10T23:51:03 IST" skipped="0">
  <testcase classname="com.qa.testLayer.LogInTest" name="logIn" time="34.694"/>
  <system-out/>
</testsuite> <!-- com.qa.testLayer.LogInTest -->
